{
  "RSpec": {
    "coverage": {
      "C:/Users/ADEDIRAN/pruner/spec/controllers/generals_controller_spec.rb": [
        1,
        1,
        null
      ],
      "C:/Users/ADEDIRAN/pruner/spec/rails_helper.rb": [
        null,
        1,
        1,
        null,
        null,
        1,
        1,
        1,
        1,
        1,
        1,
        null,
        null,
        null,
        null,
        null,
        null,
        null,
        null,
        null,
        null,
        null,
        null,
        null,
        null,
        null,
        null,
        null,
        null,
        null,
        1,
        null,
        1,
        null,
        1,
        null,
        null,
        null,
        null,
        1,
        null,
        null,
        null,
        null,
        null,
        null,
        null,
        null,
        null,
        null,
        null,
        null,
        null,
        null,
        1,
        null,
        null,
        1,
        null,
        null,
        1,
        null
      ],
      "C:/Users/ADEDIRAN/pruner/config/environment.rb": [
        null,
        1,
        null,
        null,
        1
      ],
      "C:/Users/ADEDIRAN/pruner/config/application.rb": [
        1,
        null,
        1,
        null,
        null,
        null,
        1,
        null,
        1,
        1,
        null,
        null,
        null,
        null,
        null,
        null,
        null,
        null,
        null,
        null,
        null,
        null,
        null,
        null,
        null,
        null,
        null,
        null,
        1,
        null,
        null
      ],
      "C:/Users/ADEDIRAN/pruner/config/boot.rb": [
        1,
        null,
        1
      ],
      "C:/Users/ADEDIRAN/pruner/config/environments/test.rb": [
        1,
        null,
        null,
        null,
        null,
        null,
        null,
        null,
        1,
        null,
        null,
        null,
        null,
        1,
        null,
        null,
        1,
        1,
        null,
        null,
        1,
        1,
        null,
        null,
        1,
        null,
        null,
        1,
        null,
        null,
        null,
        null,
        1,
        null,
        null,
        1,
        null,
        null,
        1,
        null,
        null,
        null,
        null
      ],
      "C:/Users/ADEDIRAN/pruner/config/initializers/assets.rb": [
        null,
        null,
        null,
        1,
        null,
        null,
        null,
        null,
        null,
        null,
        null,
        null
      ],
      "C:/Users/ADEDIRAN/pruner/config/initializers/backtrace_silencers.rb": [
        null,
        null,
        null,
        null,
        null,
        null,
        null,
        null,
        null
      ],
      "C:/Users/ADEDIRAN/pruner/config/initializers/cookies_serializer.rb": [
        null,
        null,
        1
      ],
      "C:/Users/ADEDIRAN/pruner/config/initializers/filter_parameter_logging.rb": [
        null,
        null,
        null,
        1
      ],
      "C:/Users/ADEDIRAN/pruner/config/initializers/inflections.rb": [
        null,
        null,
        null,
        null,
        null,
        null,
        null,
        null,
        null,
        null,
        null,
        null,
        null,
        null,
        null,
        null
      ],
      "C:/Users/ADEDIRAN/pruner/config/initializers/mime_types.rb": [
        null,
        null,
        null,
        null
      ],
      "C:/Users/ADEDIRAN/pruner/config/initializers/rails_env_favicon.rb": [
        1,
        null,
        1,
        null,
        1,
        null,
        1,
        1,
        null
      ],
      "C:/Users/ADEDIRAN/pruner/config/initializers/session_store.rb": [
        null,
        null,
        1
      ],
      "C:/Users/ADEDIRAN/pruner/config/initializers/wrap_parameters.rb": [
        null,
        null,
        null,
        null,
        null,
        null,
        null,
        1,
        1,
        null,
        null,
        null,
        null,
        null,
        null
      ],
      "C:/Users/ADEDIRAN/pruner/spec/factories.rb": [
        1,
        1,
        1,
        1,
        null,
        null,
        1,
        1,
        1,
        1,
        1,
        null,
        null
      ],
      "C:/Users/ADEDIRAN/pruner/config/routes.rb": [
        1,
        1,
        1,
        1,
        1,
        1,
        1,
        1,
        1,
        1,
        1,
        null
      ],
      "C:/Users/ADEDIRAN/pruner/app/helpers/application_helper.rb": [
        1,
        1,
        28,
        28,
        1,
        null,
        27,
        null,
        null,
        null
      ],
      "C:/Users/ADEDIRAN/pruner/app/helpers/generals_helper.rb": [
        1,
        null
      ],
      "C:/Users/ADEDIRAN/pruner/app/helpers/links_helper.rb": [
        1,
        1,
        4,
        null,
        null,
        1,
        2,
        null,
        null,
        1,
        8,
        null,
        null,
        1,
        1,
        1,
        null,
        null,
        1,
        4,
        null,
        null,
        1,
        0,
        null,
        null,
        1,
        2,
        2,
        2,
        2,
        2,
        2,
        null,
        null,
        null,
        1,
        2,
        0,
        0,
        0,
        0,
        0,
        0,
        null,
        2,
        2,
        2,
        2,
        2,
        null,
        null,
        null,
        1,
        4,
        4,
        null,
        null,
        1,
        4,
        4,
        4,
        null,
        null
      ],
      "C:/Users/ADEDIRAN/pruner/app/helpers/sessions_helper.rb": [
        1,
        1,
        5,
        null,
        null,
        1,
        4,
        4,
        4,
        null,
        null,
        1,
        87,
        42,
        45,
        0,
        0,
        0,
        0,
        null,
        null,
        null,
        null,
        1,
        1,
        1,
        1,
        null,
        null,
        1,
        21,
        null,
        null,
        1,
        1,
        1,
        1,
        null,
        null
      ],
      "C:/Users/ADEDIRAN/pruner/app/helpers/users_helper.rb": [
        1,
        null
      ],
      "C:/Users/ADEDIRAN/pruner/app/controllers/generals_controller.rb": [
        1,
        1,
        5,
        5,
        5,
        null,
        null
      ],
      "C:/Users/ADEDIRAN/pruner/app/controllers/application_controller.rb": [
        1,
        1,
        1,
        1,
        null
      ],
      "C:/Users/ADEDIRAN/pruner/spec/controllers/links_controller_spec.rb": [
        1,
        1,
        null
      ],
      "C:/Users/ADEDIRAN/pruner/app/controllers/links_controller.rb": [
        1,
        1,
        1,
        0,
        null,
        null,
        1,
        null,
        null,
        1,
        4,
        2,
        2,
        2,
        null,
        0,
        null,
        null,
        2,
        null,
        null,
        null,
        1,
        1,
        1,
        1,
        1,
        null,
        null,
        1,
        0,
        0,
        null,
        null
      ],
      "C:/Users/ADEDIRAN/pruner/spec/controllers/sessions_controller_spec.rb": [
        1,
        null,
        1,
        1,
        1,
        1,
        1,
        null,
        null,
        null
      ],
      "C:/Users/ADEDIRAN/pruner/app/controllers/sessions_controller.rb": [
        1,
        1,
        null,
        null,
        1,
        5,
        5,
        4,
        4,
        4,
        4,
        4,
        null,
        1,
        1,
        null,
        null,
        null,
        1,
        1,
        1,
        null,
        null
      ],
      "C:/Users/ADEDIRAN/pruner/spec/controllers/users_controller_spec.rb": [
        1,
        1,
        1,
        0,
        null,
        1,
        1,
        1,
        1,
        null,
        null,
        null
      ],
      "C:/Users/ADEDIRAN/pruner/app/controllers/users_controller.rb": [
        1,
        1,
        0,
        0,
        null,
        null,
        1,
        8,
        8,
        8,
        null,
        8,
        null,
        null,
        1,
        5,
        null,
        null,
        1,
        2,
        2,
        1,
        1,
        1,
        null,
        1,
        null,
        null,
        null,
        1,
        null,
        1,
        2,
        null,
        null,
        null,
        null,
        null,
        null,
        null
      ],
      "C:/Users/ADEDIRAN/pruner/spec/features/destroy_link_spec.rb": [
        1,
        1,
        1,
        1,
        null,
        null,
        null,
        null,
        null,
        null,
        null,
        1,
        1,
        1,
        1,
        null,
        1,
        1,
        1,
        null,
        1,
        1,
        1,
        null,
        null,
        null
      ],
      "C:/Users/ADEDIRAN/pruner/spec/features/new_link_spec.rb": [
        1,
        1,
        1,
        3,
        null,
        null,
        null,
        null,
        null,
        null,
        null,
        1,
        1,
        1,
        1,
        null,
        1,
        1,
        null,
        null,
        1,
        1,
        1,
        1,
        null,
        1,
        1,
        null,
        null,
        1,
        1,
        1,
        1,
        null,
        1,
        1,
        1,
        null,
        1,
        1,
        null,
        1,
        1,
        null,
        null,
        null
      ],
      "C:/Users/ADEDIRAN/pruner/spec/features/signin_spec.rb": [
        1,
        1,
        1,
        3,
        null,
        null,
        null,
        null,
        null,
        null,
        null,
        1,
        1,
        1,
        1,
        null,
        1,
        1,
        null,
        null,
        1,
        1,
        1,
        1,
        null,
        1,
        1,
        null,
        null,
        1,
        1,
        1,
        1,
        null,
        null
      ],
      "C:/Users/ADEDIRAN/pruner/spec/features/signout_spec.rb": [
        1,
        1,
        1,
        1,
        null,
        null,
        null,
        null,
        null,
        null,
        null,
        1,
        1,
        1,
        1,
        null,
        1,
        1,
        1,
        null,
        null
      ],
      "C:/Users/ADEDIRAN/pruner/spec/features/signup_spec.rb": [
        1,
        1,
        1,
        1,
        1,
        null,
        null,
        1,
        1,
        1,
        null,
        null,
        1,
        1,
        1,
        1,
        null,
        null,
        null,
        null,
        1,
        2,
        2,
        2,
        2,
        2,
        2,
        null
      ],
      "C:/Users/ADEDIRAN/pruner/spec/helpers/application_helper_spec.rb": [
        1,
        1,
        1,
        1,
        1,
        null,
        null,
        1,
        1,
        1,
        null,
        null,
        null
      ],
      "C:/Users/ADEDIRAN/pruner/spec/helpers/generals_helper_spec.rb": [
        1,
        null,
        null,
        null,
        null,
        null,
        null,
        null,
        null,
        null,
        null,
        null,
        1,
        null
      ],
      "C:/Users/ADEDIRAN/pruner/spec/helpers/links_helper_spec.rb": [
        1,
        null,
        null,
        null,
        null,
        null,
        null,
        null,
        null,
        null,
        null,
        null,
        1,
        null
      ],
      "C:/Users/ADEDIRAN/pruner/spec/helpers/sessions_helper_spec.rb": [
        1,
        1,
        null
      ],
      "C:/Users/ADEDIRAN/pruner/spec/helpers/users_helper_spec.rb": [
        1,
        null,
        null,
        null,
        null,
        null,
        null,
        null,
        null,
        null,
        null,
        null,
        1,
        null
      ],
      "C:/Users/ADEDIRAN/pruner/spec/models/link_spec.rb": [
        1,
        null,
        1,
        1,
        2,
        null,
        1,
        1,
        1,
        null,
        null,
        1,
        1,
        1,
        null,
        null,
        null
      ],
      "C:/Users/ADEDIRAN/pruner/app/models/link.rb": [
        1,
        1,
        null,
        1,
        null,
        6,
        6,
        null,
        1,
        null,
        1,
        null,
        1,
        null,
        1,
        24,
        null,
        null,
        1,
        24,
        null,
        null,
        1,
        3,
        null,
        null
      ],
      "C:/Users/ADEDIRAN/pruner/spec/models/user_spec.rb": [
        1,
        null,
        1,
        1,
        7,
        null,
        null,
        1,
        1,
        1,
        1,
        null,
        null,
        1,
        1,
        1,
        null,
        null,
        1,
        1,
        1,
        null,
        null,
        1,
        1,
        1,
        null,
        null,
        1,
        1,
        1,
        1,
        1,
        null,
        null,
        1,
        1,
        1,
        null,
        null,
        1,
        1,
        1,
        null,
        null,
        null,
        null,
        null,
        null,
        null,
        null,
        null,
        null,
        null,
        null,
        null,
        null,
        null,
        null,
        null
      ],
      "C:/Users/ADEDIRAN/pruner/app/models/user.rb": [
        1,
        1,
        1,
        null,
        15,
        null,
        1,
        null,
        1,
        null,
        1,
        null,
        null,
        1,
        null,
        1,
        null,
        1,
        4,
        null,
        4,
        null,
        null,
        1,
        4,
        null,
        null,
        1,
        4,
        4,
        null,
        null,
        1,
        0,
        0,
        null,
        null,
        null,
        1,
        1,
        null,
        null
      ],
      "C:/Users/ADEDIRAN/pruner/spec/views/sessions/new.html.erb_spec.rb": [
        1,
        null,
        1,
        null
      ]
    },
    "timestamp": 1452329729
  }
}
